[dotenv@17.2.0] injecting env (13) from .env (tip: 🔐 encrypt with dotenvx: https://dotenvx.com)
[32minfo[39m: Serveur démarré {"environment":"development","port":3001,"service":"visitor-management","timestamp":"2025-07-18 23:19:49","version":"2.0.0"}
🚀 Serveur en ligne sur http://localhost:3001
📊 Interface admin: http://localhost:3001/admin
🔧 API documentation: http://localhost:3001/api
❤️  Health check: http://localhost:3001/health
[32minfo[39m: Requête HTTP {"duration":"4ms","ip":"::1","method":"GET","service":"visitor-management","statusCode":200,"timestamp":"2025-07-18 23:19:59","url":"/admin.html","userAgent":"Mozilla/5.0 (Macintosh; Intel Mac OS X 10_15_7) AppleWebKit/605.1.15 (KHTML, like Gecko) Version/18.5 Safari/605.1.15"}
[32minfo[39m: Requête HTTP {"duration":"1ms","ip":"::1","method":"GET","service":"visitor-management","statusCode":304,"timestamp":"2025-07-18 23:19:59","url":"/style.css","userAgent":"Mozilla/5.0 (Macintosh; Intel Mac OS X 10_15_7) AppleWebKit/605.1.15 (KHTML, like Gecko) Version/18.5 Safari/605.1.15"}
[32minfo[39m: Requête HTTP {"duration":"0ms","ip":"::1","method":"GET","service":"visitor-management","statusCode":304,"timestamp":"2025-07-18 23:19:59","url":"/app.js","userAgent":"Mozilla/5.0 (Macintosh; Intel Mac OS X 10_15_7) AppleWebKit/605.1.15 (KHTML, like Gecko) Version/18.5 Safari/605.1.15"}
[33mwarn[39m: Admin access {"action":"pin_verification","details":{"timestamp":"2025-07-18T21:20:02.671Z"},"service":"visitor-management","success":false,"timestamp":"2025-07-18 23:20:02"}
[33mwarn[39m: Échec de l'authentification PIN {"error":"Code PIN incorrect","service":"visitor-management","timestamp":"2025-07-18 23:20:02"}
[31merror[39m: API Error {"body":{"pin":"123456"},"error":"Code PIN incorrect","method":"POST","service":"visitor-management","stack":"AppError: Code PIN incorrect\n    at ConfigService.authenticatePin (/Users/thibaultcholet/Documents/GitHub/thibaultcholet/Context-Engineering-Intro/projets/gestion-visiteurs/src/services/ConfigService.js:76:15)\n    at async /Users/thibaultcholet/Documents/GitHub/thibaultcholet/Context-Engineering-Intro/projets/gestion-visiteurs/src/controllers/ConfigController.js:72:20","statusCode":200,"timestamp":"2025-07-18 23:20:02","url":"/api/admin/login"}
[32minfo[39m: Requête HTTP {"duration":"12ms","ip":"::1","method":"POST","service":"visitor-management","statusCode":401,"timestamp":"2025-07-18 23:20:02","url":"/api/admin/login","userAgent":"Mozilla/5.0 (Macintosh; Intel Mac OS X 10_15_7) AppleWebKit/605.1.15 (KHTML, like Gecko) Version/18.5 Safari/605.1.15"}
[33mwarn[39m: Admin access {"action":"pin_verification","details":{"timestamp":"2025-07-18T21:20:06.508Z"},"service":"visitor-management","success":true,"timestamp":"2025-07-18 23:20:06"}
[32minfo[39m: Authentification PIN réussie {"service":"visitor-management","timestamp":"2025-07-18 23:20:06"}
[32minfo[39m: Requête HTTP {"duration":"4ms","ip":"::1","method":"POST","service":"visitor-management","statusCode":200,"timestamp":"2025-07-18 23:20:06","url":"/api/admin/login","userAgent":"Mozilla/5.0 (Macintosh; Intel Mac OS X 10_15_7) AppleWebKit/605.1.15 (KHTML, like Gecko) Version/18.5 Safari/605.1.15"}
[32minfo[39m: Requête HTTP {"duration":"4ms","ip":"::1","method":"GET","service":"visitor-management","statusCode":304,"timestamp":"2025-07-18 23:20:06","url":"/api/admin/stats","userAgent":"Mozilla/5.0 (Macintosh; Intel Mac OS X 10_15_7) AppleWebKit/605.1.15 (KHTML, like Gecko) Version/18.5 Safari/605.1.15"}
[32minfo[39m: Requête HTTP {"duration":"1ms","ip":"::1","method":"GET","service":"visitor-management","statusCode":304,"timestamp":"2025-07-18 23:20:06","url":"/api/admin/config","userAgent":"Mozilla/5.0 (Macintosh; Intel Mac OS X 10_15_7) AppleWebKit/605.1.15 (KHTML, like Gecko) Version/18.5 Safari/605.1.15"}
[32minfo[39m: Requête HTTP {"duration":"0ms","ip":"::1","method":"GET","service":"visitor-management","statusCode":304,"timestamp":"2025-07-18 23:20:06","url":"/api/admin/visitors/current","userAgent":"Mozilla/5.0 (Macintosh; Intel Mac OS X 10_15_7) AppleWebKit/605.1.15 (KHTML, like Gecko) Version/18.5 Safari/605.1.15"}
[32minfo[39m: Requête HTTP {"duration":"2ms","ip":"::1","method":"GET","service":"visitor-management","statusCode":304,"timestamp":"2025-07-18 23:20:06","url":"/api/admin/visitors/history","userAgent":"Mozilla/5.0 (Macintosh; Intel Mac OS X 10_15_7) AppleWebKit/605.1.15 (KHTML, like Gecko) Version/18.5 Safari/605.1.15"}
[33mwarn[39m: Admin access {"action":"pin_changed","details":{"timestamp":"2025-07-18T21:20:13.119Z"},"service":"visitor-management","success":true,"timestamp":"2025-07-18 23:20:13"}
[32minfo[39m: Code PIN changé avec succès {"service":"visitor-management","timestamp":"2025-07-18 23:20:13"}
[32minfo[39m: Requête HTTP {"duration":"16ms","ip":"::1","method":"POST","service":"visitor-management","statusCode":200,"timestamp":"2025-07-18 23:20:13","url":"/api/admin/change-pin","userAgent":"Mozilla/5.0 (Macintosh; Intel Mac OS X 10_15_7) AppleWebKit/605.1.15 (KHTML, like Gecko) Version/18.5 Safari/605.1.15"}
[32minfo[39m: Requête HTTP {"duration":"1ms","ip":"::1","method":"GET","service":"visitor-management","statusCode":304,"timestamp":"2025-07-18 23:20:17","url":"/admin.html","userAgent":"Mozilla/5.0 (Macintosh; Intel Mac OS X 10_15_7) AppleWebKit/605.1.15 (KHTML, like Gecko) Version/18.5 Safari/605.1.15"}
[32minfo[39m: Requête HTTP {"duration":"1ms","ip":"::1","method":"GET","service":"visitor-management","statusCode":304,"timestamp":"2025-07-18 23:20:17","url":"/style.css","userAgent":"Mozilla/5.0 (Macintosh; Intel Mac OS X 10_15_7) AppleWebKit/605.1.15 (KHTML, like Gecko) Version/18.5 Safari/605.1.15"}
[32minfo[39m: Requête HTTP {"duration":"1ms","ip":"::1","method":"GET","service":"visitor-management","statusCode":304,"timestamp":"2025-07-18 23:20:17","url":"/app.js","userAgent":"Mozilla/5.0 (Macintosh; Intel Mac OS X 10_15_7) AppleWebKit/605.1.15 (KHTML, like Gecko) Version/18.5 Safari/605.1.15"}
[33mwarn[39m: Admin access {"action":"pin_verification","details":{"timestamp":"2025-07-18T21:20:20.370Z"},"service":"visitor-management","success":false,"timestamp":"2025-07-18 23:20:20"}
[33mwarn[39m: Échec de l'authentification PIN {"error":"Code PIN incorrect","service":"visitor-management","timestamp":"2025-07-18 23:20:20"}
[31merror[39m: API Error {"body":{"pin":"1999"},"error":"Code PIN incorrect","method":"POST","service":"visitor-management","stack":"AppError: Code PIN incorrect\n    at ConfigService.authenticatePin (/Users/thibaultcholet/Documents/GitHub/thibaultcholet/Context-Engineering-Intro/projets/gestion-visiteurs/src/services/ConfigService.js:76:15)\n    at async /Users/thibaultcholet/Documents/GitHub/thibaultcholet/Context-Engineering-Intro/projets/gestion-visiteurs/src/controllers/ConfigController.js:72:20","statusCode":200,"timestamp":"2025-07-18 23:20:20","url":"/api/admin/login"}
[32minfo[39m: Requête HTTP {"duration":"3ms","ip":"::1","method":"POST","service":"visitor-management","statusCode":401,"timestamp":"2025-07-18 23:20:20","url":"/api/admin/login","userAgent":"Mozilla/5.0 (Macintosh; Intel Mac OS X 10_15_7) AppleWebKit/605.1.15 (KHTML, like Gecko) Version/18.5 Safari/605.1.15"}
[33mwarn[39m: Admin access {"action":"pin_verification","details":{"timestamp":"2025-07-18T21:20:22.827Z"},"service":"visitor-management","success":true,"timestamp":"2025-07-18 23:20:22"}
[32minfo[39m: Authentification PIN réussie {"service":"visitor-management","timestamp":"2025-07-18 23:20:22"}
[32minfo[39m: Requête HTTP {"duration":"3ms","ip":"::1","method":"POST","service":"visitor-management","statusCode":200,"timestamp":"2025-07-18 23:20:22","url":"/api/admin/login","userAgent":"Mozilla/5.0 (Macintosh; Intel Mac OS X 10_15_7) AppleWebKit/605.1.15 (KHTML, like Gecko) Version/18.5 Safari/605.1.15"}
[32minfo[39m: Requête HTTP {"duration":"1ms","ip":"::1","method":"GET","service":"visitor-management","statusCode":304,"timestamp":"2025-07-18 23:20:22","url":"/api/admin/stats","userAgent":"Mozilla/5.0 (Macintosh; Intel Mac OS X 10_15_7) AppleWebKit/605.1.15 (KHTML, like Gecko) Version/18.5 Safari/605.1.15"}
[32minfo[39m: Requête HTTP {"duration":"0ms","ip":"::1","method":"GET","service":"visitor-management","statusCode":200,"timestamp":"2025-07-18 23:20:22","url":"/api/admin/config","userAgent":"Mozilla/5.0 (Macintosh; Intel Mac OS X 10_15_7) AppleWebKit/605.1.15 (KHTML, like Gecko) Version/18.5 Safari/605.1.15"}
[32minfo[39m: Requête HTTP {"duration":"1ms","ip":"::1","method":"GET","service":"visitor-management","statusCode":304,"timestamp":"2025-07-18 23:20:22","url":"/api/admin/visitors/current","userAgent":"Mozilla/5.0 (Macintosh; Intel Mac OS X 10_15_7) AppleWebKit/605.1.15 (KHTML, like Gecko) Version/18.5 Safari/605.1.15"}
[32minfo[39m: Requête HTTP {"duration":"2ms","ip":"::1","method":"GET","service":"visitor-management","statusCode":304,"timestamp":"2025-07-18 23:20:22","url":"/api/admin/visitors/history","userAgent":"Mozilla/5.0 (Macintosh; Intel Mac OS X 10_15_7) AppleWebKit/605.1.15 (KHTML, like Gecko) Version/18.5 Safari/605.1.15"}
[33mwarn[39m: Admin access {"action":"pin_changed","details":{"timestamp":"2025-07-18T21:20:30.424Z"},"service":"visitor-management","success":true,"timestamp":"2025-07-18 23:20:30"}
[32minfo[39m: Code PIN changé avec succès {"service":"visitor-management","timestamp":"2025-07-18 23:20:30"}
[32minfo[39m: Requête HTTP {"duration":"2ms","ip":"::1","method":"POST","service":"visitor-management","statusCode":200,"timestamp":"2025-07-18 23:20:30","url":"/api/admin/change-pin","userAgent":"Mozilla/5.0 (Macintosh; Intel Mac OS X 10_15_7) AppleWebKit/605.1.15 (KHTML, like Gecko) Version/18.5 Safari/605.1.15"}
[33mwarn[39m: Admin access {"action":"pin_changed","details":{"timestamp":"2025-07-18T21:20:37.116Z"},"service":"visitor-management","success":true,"timestamp":"2025-07-18 23:20:37"}
[32minfo[39m: Code PIN changé avec succès {"service":"visitor-management","timestamp":"2025-07-18 23:20:37"}
[32minfo[39m: Requête HTTP {"duration":"6ms","ip":"::1","method":"POST","service":"visitor-management","statusCode":200,"timestamp":"2025-07-18 23:20:37","url":"/api/admin/change-pin","userAgent":"Mozilla/5.0 (Macintosh; Intel Mac OS X 10_15_7) AppleWebKit/605.1.15 (KHTML, like Gecko) Version/18.5 Safari/605.1.15"}
[33mwarn[39m: Admin access {"action":"pin_changed","details":{"timestamp":"2025-07-18T21:21:09.873Z"},"service":"visitor-management","success":true,"timestamp":"2025-07-18 23:21:09"}
[32minfo[39m: Code PIN changé avec succès {"service":"visitor-management","timestamp":"2025-07-18 23:21:09"}
[32minfo[39m: Requête HTTP {"duration":"4ms","ip":"::1","method":"POST","service":"visitor-management","statusCode":200,"timestamp":"2025-07-18 23:21:09","url":"/api/admin/change-pin","userAgent":"Mozilla/5.0 (Macintosh; Intel Mac OS X 10_15_7) AppleWebKit/605.1.15 (KHTML, like Gecko) Version/18.5 Safari/605.1.15"}
[33mwarn[39m: Admin access {"action":"pin_changed","details":{"timestamp":"2025-07-18T21:21:17.691Z"},"service":"visitor-management","success":true,"timestamp":"2025-07-18 23:21:17"}
[32minfo[39m: Code PIN changé avec succès {"service":"visitor-management","timestamp":"2025-07-18 23:21:17"}
[32minfo[39m: Requête HTTP {"duration":"3ms","ip":"::1","method":"POST","service":"visitor-management","statusCode":200,"timestamp":"2025-07-18 23:21:17","url":"/api/admin/change-pin","userAgent":"Mozilla/5.0 (Macintosh; Intel Mac OS X 10_15_7) AppleWebKit/605.1.15 (KHTML, like Gecko) Version/18.5 Safari/605.1.15"}
[33mwarn[39m: Admin access {"action":"pin_changed","details":{"timestamp":"2025-07-18T21:25:54.038Z"},"service":"visitor-management","success":true,"timestamp":"2025-07-18 23:25:54"}
[32minfo[39m: Code PIN changé avec succès {"service":"visitor-management","timestamp":"2025-07-18 23:25:54"}
[32minfo[39m: Requête HTTP {"duration":"5ms","ip":"::1","method":"POST","service":"visitor-management","statusCode":200,"timestamp":"2025-07-18 23:25:54","url":"/api/admin/change-pin","userAgent":"curl/8.7.1"}
[31merror[39m: Erreur lors du changement de PIN {"error":"Le code PIN doit contenir entre 4 et 6 chiffres","service":"visitor-management","timestamp":"2025-07-18 23:26:11"}
[31merror[39m: API Error {"body":{"newPin":"123"},"error":"Le code PIN doit contenir entre 4 et 6 chiffres","method":"POST","service":"visitor-management","stack":"AppError: Le code PIN doit contenir entre 4 et 6 chiffres\n    at ConfigService._validatePin (/Users/thibaultcholet/Documents/GitHub/thibaultcholet/Context-Engineering-Intro/projets/gestion-visiteurs/src/services/ConfigService.js:156:13)\n    at ConfigService.changePin (/Users/thibaultcholet/Documents/GitHub/thibaultcholet/Context-Engineering-Intro/projets/gestion-visiteurs/src/services/ConfigService.js:106:12)\n    at /Users/thibaultcholet/Documents/GitHub/thibaultcholet/Context-Engineering-Intro/projets/gestion-visiteurs/src/controllers/ConfigController.js:87:45\n    at /Users/thibaultcholet/Documents/GitHub/thibaultcholet/Context-Engineering-Intro/projets/gestion-visiteurs/src/middleware/errorHandler.js:85:19\n    at Layer.handle [as handle_request] (/Users/thibaultcholet/Documents/GitHub/thibaultcholet/Context-Engineering-Intro/projets/gestion-visiteurs/node_modules/express/lib/router/layer.js:95:5)\n    at next (/Users/thibaultcholet/Documents/GitHub/thibaultcholet/Context-Engineering-Intro/projets/gestion-visiteurs/node_modules/express/lib/router/route.js:149:13)\n    at /Users/thibaultcholet/Documents/GitHub/thibaultcholet/Context-Engineering-Intro/projets/gestion-visiteurs/node_modules/express-rate-limit/dist/index.cjs:877:7\n    at process.processTicksAndRejections (node:internal/process/task_queues:105:5)\n    at async /Users/thibaultcholet/Documents/GitHub/thibaultcholet/Context-Engineering-Intro/projets/gestion-visiteurs/node_modules/express-rate-limit/dist/index.cjs:760:5","statusCode":200,"timestamp":"2025-07-18 23:26:11","url":"/api/admin/change-pin"}
[32minfo[39m: Requête HTTP {"duration":"1ms","ip":"::1","method":"POST","service":"visitor-management","statusCode":400,"timestamp":"2025-07-18 23:26:11","url":"/api/admin/change-pin","userAgent":"curl/8.7.1"}
[32minfo[39m: Requête HTTP {"duration":"3ms","ip":"::1","method":"GET","service":"visitor-management","statusCode":200,"timestamp":"2025-07-18 23:27:34","url":"/admin.html","userAgent":"Mozilla/5.0 (Macintosh; Intel Mac OS X 10_15_7) AppleWebKit/605.1.15 (KHTML, like Gecko) Version/18.5 Safari/605.1.15"}
[32minfo[39m: Requête HTTP {"duration":"1ms","ip":"::1","method":"GET","service":"visitor-management","statusCode":304,"timestamp":"2025-07-18 23:27:35","url":"/style.css","userAgent":"Mozilla/5.0 (Macintosh; Intel Mac OS X 10_15_7) AppleWebKit/605.1.15 (KHTML, like Gecko) Version/18.5 Safari/605.1.15"}
[32minfo[39m: Requête HTTP {"duration":"1ms","ip":"::1","method":"GET","service":"visitor-management","statusCode":304,"timestamp":"2025-07-18 23:27:35","url":"/app.js","userAgent":"Mozilla/5.0 (Macintosh; Intel Mac OS X 10_15_7) AppleWebKit/605.1.15 (KHTML, like Gecko) Version/18.5 Safari/605.1.15"}
[33mwarn[39m: Admin access {"action":"pin_verification","details":{"timestamp":"2025-07-18T21:27:38.444Z"},"service":"visitor-management","success":true,"timestamp":"2025-07-18 23:27:38"}
[32minfo[39m: Authentification PIN réussie {"service":"visitor-management","timestamp":"2025-07-18 23:27:38"}
[32minfo[39m: Requête HTTP {"duration":"3ms","ip":"::1","method":"POST","service":"visitor-management","statusCode":200,"timestamp":"2025-07-18 23:27:38","url":"/api/admin/login","userAgent":"Mozilla/5.0 (Macintosh; Intel Mac OS X 10_15_7) AppleWebKit/605.1.15 (KHTML, like Gecko) Version/18.5 Safari/605.1.15"}
[32minfo[39m: Requête HTTP {"duration":"2ms","ip":"::1","method":"GET","service":"visitor-management","statusCode":304,"timestamp":"2025-07-18 23:27:38","url":"/api/admin/stats","userAgent":"Mozilla/5.0 (Macintosh; Intel Mac OS X 10_15_7) AppleWebKit/605.1.15 (KHTML, like Gecko) Version/18.5 Safari/605.1.15"}
[32minfo[39m: Requête HTTP {"duration":"1ms","ip":"::1","method":"GET","service":"visitor-management","statusCode":200,"timestamp":"2025-07-18 23:27:38","url":"/api/admin/config","userAgent":"Mozilla/5.0 (Macintosh; Intel Mac OS X 10_15_7) AppleWebKit/605.1.15 (KHTML, like Gecko) Version/18.5 Safari/605.1.15"}
[32minfo[39m: Requête HTTP {"duration":"1ms","ip":"::1","method":"GET","service":"visitor-management","statusCode":304,"timestamp":"2025-07-18 23:27:38","url":"/api/admin/visitors/current","userAgent":"Mozilla/5.0 (Macintosh; Intel Mac OS X 10_15_7) AppleWebKit/605.1.15 (KHTML, like Gecko) Version/18.5 Safari/605.1.15"}
[32minfo[39m: Requête HTTP {"duration":"2ms","ip":"::1","method":"GET","service":"visitor-management","statusCode":304,"timestamp":"2025-07-18 23:27:38","url":"/api/admin/visitors/history","userAgent":"Mozilla/5.0 (Macintosh; Intel Mac OS X 10_15_7) AppleWebKit/605.1.15 (KHTML, like Gecko) Version/18.5 Safari/605.1.15"}
[33mwarn[39m: Admin access {"action":"pin_changed","details":{"timestamp":"2025-07-18T21:27:43.812Z"},"service":"visitor-management","success":true,"timestamp":"2025-07-18 23:27:43"}
[32minfo[39m: Code PIN changé avec succès {"service":"visitor-management","timestamp":"2025-07-18 23:27:43"}
[32minfo[39m: Requête HTTP {"duration":"5ms","ip":"::1","method":"POST","service":"visitor-management","statusCode":200,"timestamp":"2025-07-18 23:27:43","url":"/api/admin/change-pin","userAgent":"Mozilla/5.0 (Macintosh; Intel Mac OS X 10_15_7) AppleWebKit/605.1.15 (KHTML, like Gecko) Version/18.5 Safari/605.1.15"}
[33mwarn[39m: Admin access {"action":"pin_changed","details":{"timestamp":"2025-07-18T21:27:51.217Z"},"service":"visitor-management","success":true,"timestamp":"2025-07-18 23:27:51"}
[32minfo[39m: Code PIN changé avec succès {"service":"visitor-management","timestamp":"2025-07-18 23:27:51"}
[32minfo[39m: Requête HTTP {"duration":"4ms","ip":"::1","method":"POST","service":"visitor-management","statusCode":200,"timestamp":"2025-07-18 23:27:51","url":"/api/admin/change-pin","userAgent":"Mozilla/5.0 (Macintosh; Intel Mac OS X 10_15_7) AppleWebKit/605.1.15 (KHTML, like Gecko) Version/18.5 Safari/605.1.15"}
[33mwarn[39m: Admin access {"action":"pin_changed","details":{"timestamp":"2025-07-18T21:27:56.248Z"},"service":"visitor-management","success":true,"timestamp":"2025-07-18 23:27:56"}
[32minfo[39m: Code PIN changé avec succès {"service":"visitor-management","timestamp":"2025-07-18 23:27:56"}
[32minfo[39m: Requête HTTP {"duration":"4ms","ip":"::1","method":"POST","service":"visitor-management","statusCode":200,"timestamp":"2025-07-18 23:27:56","url":"/api/admin/change-pin","userAgent":"Mozilla/5.0 (Macintosh; Intel Mac OS X 10_15_7) AppleWebKit/605.1.15 (KHTML, like Gecko) Version/18.5 Safari/605.1.15"}
[33mwarn[39m: Admin access {"action":"pin_changed","details":{"timestamp":"2025-07-18T21:28:05.738Z"},"service":"visitor-management","success":true,"timestamp":"2025-07-18 23:28:05"}
[32minfo[39m: Code PIN changé avec succès {"service":"visitor-management","timestamp":"2025-07-18 23:28:05"}
[32minfo[39m: Requête HTTP {"duration":"5ms","ip":"::1","method":"POST","service":"visitor-management","statusCode":200,"timestamp":"2025-07-18 23:28:05","url":"/api/admin/change-pin","userAgent":"Mozilla/5.0 (Macintosh; Intel Mac OS X 10_15_7) AppleWebKit/605.1.15 (KHTML, like Gecko) Version/18.5 Safari/605.1.15"}
[33mwarn[39m: Admin access {"action":"pin_changed","details":{"timestamp":"2025-07-18T21:28:11.639Z"},"service":"visitor-management","success":true,"timestamp":"2025-07-18 23:28:11"}
[32minfo[39m: Code PIN changé avec succès {"service":"visitor-management","timestamp":"2025-07-18 23:28:11"}
[32minfo[39m: Requête HTTP {"duration":"4ms","ip":"::1","method":"POST","service":"visitor-management","statusCode":200,"timestamp":"2025-07-18 23:28:11","url":"/api/admin/change-pin","userAgent":"Mozilla/5.0 (Macintosh; Intel Mac OS X 10_15_7) AppleWebKit/605.1.15 (KHTML, like Gecko) Version/18.5 Safari/605.1.15"}
[32minfo[39m: User action {"action":"config_updated","details":{"timestamp":"2025-07-18T21:28:14.797Z","updates":{"anonymizationDays":30,"welcomeMessage":"Bienvenue dans notre entreprise"}},"service":"visitor-management","timestamp":"2025-07-18 23:28:14","userContext":{}}
[32minfo[39m: Configuration mise à jour avec succès {"service":"visitor-management","timestamp":"2025-07-18 23:28:14","updates":["anonymizationDays","welcomeMessage"]}
[32minfo[39m: Requête HTTP {"duration":"2ms","ip":"::1","method":"POST","service":"visitor-management","statusCode":200,"timestamp":"2025-07-18 23:28:14","url":"/api/admin/config","userAgent":"Mozilla/5.0 (Macintosh; Intel Mac OS X 10_15_7) AppleWebKit/605.1.15 (KHTML, like Gecko) Version/18.5 Safari/605.1.15"}
[32minfo[39m: User action {"action":"visitor_checkin","details":{"email":"alexandre.durand.test1752874101439@startup360.fr","societe":"StartUp360","visitorId":"2b4d0afb-b637-459b-b1c0-86a15a982eca"},"service":"visitor-management","timestamp":"2025-07-18 23:28:21","userContext":{}}
[32minfo[39m: Visiteur enregistré avec succès {"email":"alexandre.durand.test1752874101439@startup360.fr","service":"visitor-management","societe":"StartUp360","timestamp":"2025-07-18 23:28:21","visitorId":"2b4d0afb-b637-459b-b1c0-86a15a982eca"}
[32minfo[39m: Requête HTTP {"duration":"8ms","ip":"::1","method":"POST","service":"visitor-management","statusCode":201,"timestamp":"2025-07-18 23:28:21","url":"/api/check-in","userAgent":"Mozilla/5.0 (Macintosh; Intel Mac OS X 10_15_7) AppleWebKit/605.1.15 (KHTML, like Gecko) Version/18.5 Safari/605.1.15"}
[32minfo[39m: Requête HTTP {"duration":"2ms","ip":"::1","method":"GET","service":"visitor-management","statusCode":200,"timestamp":"2025-07-18 23:28:22","url":"/api/admin/stats","userAgent":"Mozilla/5.0 (Macintosh; Intel Mac OS X 10_15_7) AppleWebKit/605.1.15 (KHTML, like Gecko) Version/18.5 Safari/605.1.15"}
[32minfo[39m: Requête HTTP {"duration":"2ms","ip":"::1","method":"GET","service":"visitor-management","statusCode":200,"timestamp":"2025-07-18 23:28:22","url":"/api/admin/config","userAgent":"Mozilla/5.0 (Macintosh; Intel Mac OS X 10_15_7) AppleWebKit/605.1.15 (KHTML, like Gecko) Version/18.5 Safari/605.1.15"}
[32minfo[39m: Requête HTTP {"duration":"1ms","ip":"::1","method":"GET","service":"visitor-management","statusCode":200,"timestamp":"2025-07-18 23:28:22","url":"/api/admin/visitors/current","userAgent":"Mozilla/5.0 (Macintosh; Intel Mac OS X 10_15_7) AppleWebKit/605.1.15 (KHTML, like Gecko) Version/18.5 Safari/605.1.15"}
[32minfo[39m: Requête HTTP {"duration":"1ms","ip":"::1","method":"GET","service":"visitor-management","statusCode":200,"timestamp":"2025-07-18 23:28:22","url":"/api/admin/visitors/history","userAgent":"Mozilla/5.0 (Macintosh; Intel Mac OS X 10_15_7) AppleWebKit/605.1.15 (KHTML, like Gecko) Version/18.5 Safari/605.1.15"}
[32minfo[39m: User action {"action":"visitor_checkin","details":{"email":"jean.martin@techsolutionssarl.com","societe":"Tech Solutions SARL","visitorId":"0cd6f6cc-97d2-4061-a744-3ce8f0c1a0fa"},"service":"visitor-management","timestamp":"2025-07-18 23:28:35","userContext":{}}
[32minfo[39m: User action {"action":"visitor_checkin","details":{"email":"sophie.lefebvre@digitalconsulting.com","societe":"Digital Consulting","visitorId":"d63ef98a-65e0-4bbb-881a-2308a9fb11ae"},"service":"visitor-management","timestamp":"2025-07-18 23:28:35","userContext":{}}
[32minfo[39m: User action {"action":"visitor_checkin","details":{"email":"thomas.rousseau@innovationlabs.com","societe":"Innovation Labs","visitorId":"61c67357-4a54-424e-8452-420e3d0f4b2f"},"service":"visitor-management","timestamp":"2025-07-18 23:28:35","userContext":{}}
[32minfo[39m: User action {"action":"visitor_checkin","details":{"email":"maria.garcia@globalservicesinc.com","societe":"Global Services Inc","visitorId":"6220cf7e-6ec2-4dd8-a6ab-c751f82da1e1"},"service":"visitor-management","timestamp":"2025-07-18 23:28:35","userContext":{}}
[32minfo[39m: User action {"action":"visitor_checkin","details":{"email":"alexandre.durand@startup360.com","societe":"StartUp360","visitorId":"efe3eb85-4a95-486b-b64b-ef01080c8928"},"service":"visitor-management","timestamp":"2025-07-18 23:28:35","userContext":{}}
[32minfo[39m: User action {"action":"visitor_checkin","details":{"email":"claire.dubois@consultingpro.com","societe":"Consulting Pro","visitorId":"baaf7cb0-bde4-436a-bf3c-34f19032d02e"},"service":"visitor-management","timestamp":"2025-07-18 23:28:35","userContext":{}}
[32minfo[39m: User action {"action":"visitor_checkin","details":{"email":"nicolas.moreau@webagencyplus.com","societe":"WebAgency Plus","visitorId":"ae8419cd-0be3-46a0-8b0f-8aea57a09b8c"},"service":"visitor-management","timestamp":"2025-07-18 23:28:35","userContext":{}}
[32minfo[39m: User action {"action":"visitor_checkin","details":{"email":"lisa.bernard@designstudio.com","societe":"Design Studio","visitorId":"45924731-824f-44c7-a000-53d557fa86f9"},"service":"visitor-management","timestamp":"2025-07-18 23:28:35","userContext":{}}
[32minfo[39m: User action {"action":"visitor_checkin","details":{"email":"david.petit@mobileappsco.com","societe":"Mobile Apps Co","visitorId":"98f99236-f065-41d0-aa43-e321efbb36a6"},"service":"visitor-management","timestamp":"2025-07-18 23:28:35","userContext":{}}
[32minfo[39m: User action {"action":"visitor_checkin","details":{"email":"emma.roux@cloudsystems.com","societe":"Cloud Systems","visitorId":"0236b03f-910a-4bb9-85e8-477366efca85"},"service":"visitor-management","timestamp":"2025-07-18 23:28:35","userContext":{}}
[32minfo[39m: User action {"action":"visitor_checkin","details":{"email":"paul.fournier@airesearchlab.com","societe":"AI Research Lab","visitorId":"471840bc-10b7-4ad0-89dd-342f86462f7c"},"service":"visitor-management","timestamp":"2025-07-18 23:28:35","userContext":{}}
[32minfo[39m: User action {"action":"visitor_checkin","details":{"email":"julie.girard@dataanalytics.com","societe":"Data Analytics","visitorId":"3dedb720-38c6-41b9-b60f-3ca49247c02b"},"service":"visitor-management","timestamp":"2025-07-18 23:28:35","userContext":{}}
[32minfo[39m: User action {"action":"visitor_checkin","details":{"email":"marc.bonnet@cybersecurity.com","societe":"Cyber Security","visitorId":"774d0746-33ad-4bdf-bcdb-9a867e1f798e"},"service":"visitor-management","timestamp":"2025-07-18 23:28:35","userContext":{}}
[32minfo[39m: User action {"action":"visitor_checkin","details":{"email":"sarah.dupont@e-commercehub.com","societe":"E-commerce Hub","visitorId":"dd543bca-b036-447c-b83f-a862340dae14"},"service":"visitor-management","timestamp":"2025-07-18 23:28:35","userContext":{}}
[32minfo[39m: User action {"action":"visitor_checkin","details":{"email":"antoine.lambert@fintechsolutions.com","societe":"Fintech Solutions","visitorId":"a84b3497-1366-4d93-91e4-7bae80c3da3f"},"service":"visitor-management","timestamp":"2025-07-18 23:28:35","userContext":{}}
[32minfo[39m: User action {"action":"visitor_checkin","details":{"email":"jean.martin@techsolutionssarl.com","societe":"Tech Solutions SARL","visitorId":"434ad006-1eb4-4617-9e63-825ece8844ec"},"service":"visitor-management","timestamp":"2025-07-18 23:28:35","userContext":{}}
[32minfo[39m: User action {"action":"visitor_checkin","details":{"email":"sophie.lefebvre@digitalconsulting.com","societe":"Digital Consulting","visitorId":"94cf162a-0c45-4023-b59a-d1b98e5759f1"},"service":"visitor-management","timestamp":"2025-07-18 23:28:35","userContext":{}}
[32minfo[39m: User action {"action":"visitor_checkin","details":{"email":"thomas.rousseau@innovationlabs.com","societe":"Innovation Labs","visitorId":"73a9655c-7ae4-442f-be33-2b6b58dc256c"},"service":"visitor-management","timestamp":"2025-07-18 23:28:35","userContext":{}}
[32minfo[39m: User action {"action":"visitor_checkin","details":{"email":"maria.garcia@globalservicesinc.com","societe":"Global Services Inc","visitorId":"e5e76d84-a6f5-4471-b8af-e5d12656de9d"},"service":"visitor-management","timestamp":"2025-07-18 23:28:35","userContext":{}}
[32minfo[39m: User action {"action":"visitor_checkin","details":{"email":"alexandre.durand@startup360.com","societe":"StartUp360","visitorId":"56915259-152b-485e-8cf2-1e41c4c2391d"},"service":"visitor-management","timestamp":"2025-07-18 23:28:35","userContext":{}}
[32minfo[39m: User action {"action":"visitor_checkin","details":{"email":"claire.dubois@consultingpro.com","societe":"Consulting Pro","visitorId":"4cc35f6f-76d6-48c2-9cb6-000d1149e06d"},"service":"visitor-management","timestamp":"2025-07-18 23:28:35","userContext":{}}
[32minfo[39m: User action {"action":"visitor_checkin","details":{"email":"nicolas.moreau@webagencyplus.com","societe":"WebAgency Plus","visitorId":"4a961eb7-02fd-42e2-8828-8cf0914c7112"},"service":"visitor-management","timestamp":"2025-07-18 23:28:35","userContext":{}}
[32minfo[39m: User action {"action":"visitor_checkin","details":{"email":"lisa.bernard@designstudio.com","societe":"Design Studio","visitorId":"1998dc47-ec07-4509-a207-e3f1582a6854"},"service":"visitor-management","timestamp":"2025-07-18 23:28:35","userContext":{}}
[32minfo[39m: User action {"action":"visitor_checkin","details":{"email":"david.petit@mobileappsco.com","societe":"Mobile Apps Co","visitorId":"a6f2bc4d-be23-4d01-944b-d1f7ac6d600d"},"service":"visitor-management","timestamp":"2025-07-18 23:28:35","userContext":{}}
[32minfo[39m: User action {"action":"visitor_checkin","details":{"email":"emma.roux@cloudsystems.com","societe":"Cloud Systems","visitorId":"e5834bb0-117d-4bf8-a320-84b127a87b02"},"service":"visitor-management","timestamp":"2025-07-18 23:28:35","userContext":{}}
[32minfo[39m: User action {"action":"visitor_checkin","details":{"email":"paul.fournier@airesearchlab.com","societe":"AI Research Lab","visitorId":"77d90a62-c8a9-4e96-8f09-9b930c035d30"},"service":"visitor-management","timestamp":"2025-07-18 23:28:35","userContext":{}}
[32minfo[39m: User action {"action":"visitor_checkin","details":{"email":"julie.girard@dataanalytics.com","societe":"Data Analytics","visitorId":"21f30347-9301-446e-8fc7-aa97a9485c85"},"service":"visitor-management","timestamp":"2025-07-18 23:28:35","userContext":{}}
[32minfo[39m: User action {"action":"visitor_checkin","details":{"email":"marc.bonnet@cybersecurity.com","societe":"Cyber Security","visitorId":"8d7bc929-b1ba-401a-86cc-6b47afa86b3c"},"service":"visitor-management","timestamp":"2025-07-18 23:28:35","userContext":{}}
[32minfo[39m: User action {"action":"visitor_checkin","details":{"email":"sarah.dupont@e-commercehub.com","societe":"E-commerce Hub","visitorId":"3aba819c-f369-4710-b48a-1f27e17bd646"},"service":"visitor-management","timestamp":"2025-07-18 23:28:35","userContext":{}}
[32minfo[39m: User action {"action":"visitor_checkin","details":{"email":"antoine.lambert@fintechsolutions.com","societe":"Fintech Solutions","visitorId":"6fdff71c-dfbe-4804-a883-a65ce5860086"},"service":"visitor-management","timestamp":"2025-07-18 23:28:35","userContext":{}}
[32minfo[39m: User action {"action":"visitor_checkin","details":{"email":"jean.martin@techsolutionssarl.com","societe":"Tech Solutions SARL","visitorId":"3b6d4a0d-9dbf-42a8-9548-b870959c9b83"},"service":"visitor-management","timestamp":"2025-07-18 23:28:35","userContext":{}}
[32minfo[39m: User action {"action":"visitor_checkin","details":{"email":"sophie.lefebvre@digitalconsulting.com","societe":"Digital Consulting","visitorId":"c6dde612-b193-4c39-8a8b-153c088c64ef"},"service":"visitor-management","timestamp":"2025-07-18 23:28:35","userContext":{}}
[32minfo[39m: User action {"action":"visitor_checkin","details":{"email":"thomas.rousseau@innovationlabs.com","societe":"Innovation Labs","visitorId":"da500d37-eae2-46d8-8989-6537ef454142"},"service":"visitor-management","timestamp":"2025-07-18 23:28:35","userContext":{}}
[32minfo[39m: User action {"action":"visitor_checkin","details":{"email":"maria.garcia@globalservicesinc.com","societe":"Global Services Inc","visitorId":"b82c6fd3-dbdc-4cad-a045-d9666b4cd934"},"service":"visitor-management","timestamp":"2025-07-18 23:28:35","userContext":{}}
[32minfo[39m: User action {"action":"visitor_checkin","details":{"email":"alexandre.durand@startup360.com","societe":"StartUp360","visitorId":"1480d97e-11d8-4939-a1bc-553eda708631"},"service":"visitor-management","timestamp":"2025-07-18 23:28:35","userContext":{}}
[32minfo[39m: User action {"action":"visitor_checkin","details":{"email":"claire.dubois@consultingpro.com","societe":"Consulting Pro","visitorId":"4a429c48-08ca-4a62-a9fb-8d3faf3bca03"},"service":"visitor-management","timestamp":"2025-07-18 23:28:35","userContext":{}}
[32minfo[39m: User action {"action":"visitor_checkin","details":{"email":"nicolas.moreau@webagencyplus.com","societe":"WebAgency Plus","visitorId":"d45a5792-5266-44bd-83e0-863f2c2004a6"},"service":"visitor-management","timestamp":"2025-07-18 23:28:35","userContext":{}}
[32minfo[39m: User action {"action":"visitor_checkin","details":{"email":"lisa.bernard@designstudio.com","societe":"Design Studio","visitorId":"c0d90f63-dd9c-4011-89f8-1cb1020febce"},"service":"visitor-management","timestamp":"2025-07-18 23:28:35","userContext":{}}
[32minfo[39m: User action {"action":"visitor_checkin","details":{"email":"david.petit@mobileappsco.com","societe":"Mobile Apps Co","visitorId":"29ead88d-4b41-4b98-90cb-ed5eb8938c62"},"service":"visitor-management","timestamp":"2025-07-18 23:28:35","userContext":{}}
[32minfo[39m: User action {"action":"visitor_checkin","details":{"email":"emma.roux@cloudsystems.com","societe":"Cloud Systems","visitorId":"7566906a-973c-4823-919b-7243423c0f02"},"service":"visitor-management","timestamp":"2025-07-18 23:28:35","userContext":{}}
[32minfo[39m: User action {"action":"visitor_checkin","details":{"email":"paul.fournier@airesearchlab.com","societe":"AI Research Lab","visitorId":"5eeb2c8b-9b6f-44d0-8738-29e4052f3a73"},"service":"visitor-management","timestamp":"2025-07-18 23:28:35","userContext":{}}
[32minfo[39m: User action {"action":"visitor_checkin","details":{"email":"julie.girard@dataanalytics.com","societe":"Data Analytics","visitorId":"262d8b93-bc6c-491d-bcf5-416b67ea94b7"},"service":"visitor-management","timestamp":"2025-07-18 23:28:35","userContext":{}}
[32minfo[39m: User action {"action":"visitor_checkin","details":{"email":"marc.bonnet@cybersecurity.com","societe":"Cyber Security","visitorId":"17a880a0-5c22-4ed9-8474-03299ce2c144"},"service":"visitor-management","timestamp":"2025-07-18 23:28:35","userContext":{}}
[32minfo[39m: User action {"action":"visitor_checkin","details":{"email":"sarah.dupont@e-commercehub.com","societe":"E-commerce Hub","visitorId":"62d5434b-9c03-4821-af18-5540df79b56b"},"service":"visitor-management","timestamp":"2025-07-18 23:28:35","userContext":{}}
[32minfo[39m: User action {"action":"visitor_checkin","details":{"email":"antoine.lambert@fintechsolutions.com","societe":"Fintech Solutions","visitorId":"4097b3a2-aba1-4022-a67a-23bd0f41ced9"},"service":"visitor-management","timestamp":"2025-07-18 23:28:35","userContext":{}}
[32minfo[39m: User action {"action":"visitor_checkin","details":{"email":"jean.martin@techsolutionssarl.com","societe":"Tech Solutions SARL","visitorId":"e4b4c9c4-323d-424f-af52-7ec0a024daf9"},"service":"visitor-management","timestamp":"2025-07-18 23:28:35","userContext":{}}
[32minfo[39m: User action {"action":"visitor_checkin","details":{"email":"sophie.lefebvre@digitalconsulting.com","societe":"Digital Consulting","visitorId":"1d3c774e-e4a5-4bcc-bc8a-859532356827"},"service":"visitor-management","timestamp":"2025-07-18 23:28:35","userContext":{}}
[32minfo[39m: User action {"action":"visitor_checkin","details":{"email":"thomas.rousseau@innovationlabs.com","societe":"Innovation Labs","visitorId":"3f573921-bbd5-4652-ae18-eaa7f09ecfb4"},"service":"visitor-management","timestamp":"2025-07-18 23:28:35","userContext":{}}
[32minfo[39m: User action {"action":"visitor_checkin","details":{"email":"maria.garcia@globalservicesinc.com","societe":"Global Services Inc","visitorId":"754ca486-b35a-48c2-a4ab-4854308f5e26"},"service":"visitor-management","timestamp":"2025-07-18 23:28:35","userContext":{}}
[32minfo[39m: User action {"action":"visitor_checkin","details":{"email":"alexandre.durand@startup360.com","societe":"StartUp360","visitorId":"546bfab6-8fc2-4fb0-968e-a21121dad33b"},"service":"visitor-management","timestamp":"2025-07-18 23:28:35","userContext":{}}
[32minfo[39m: User action {"action":"visitor_checkin","details":{"email":"claire.dubois@consultingpro.com","societe":"Consulting Pro","visitorId":"cea9ad25-d84b-4c78-a3f0-d0bc621ecf97"},"service":"visitor-management","timestamp":"2025-07-18 23:28:35","userContext":{}}
[32minfo[39m: User action {"action":"visitor_checkin","details":{"email":"nicolas.moreau@webagencyplus.com","societe":"WebAgency Plus","visitorId":"69f31c5b-1f69-4ada-835e-9e8f0de4453a"},"service":"visitor-management","timestamp":"2025-07-18 23:28:35","userContext":{}}
[32minfo[39m: User action {"action":"visitor_checkin","details":{"email":"lisa.bernard@designstudio.com","societe":"Design Studio","visitorId":"17d9eefc-a5de-4fd2-bd24-83a254a1c559"},"service":"visitor-management","timestamp":"2025-07-18 23:28:35","userContext":{}}
[32minfo[39m: User action {"action":"visitor_checkin","details":{"email":"david.petit@mobileappsco.com","societe":"Mobile Apps Co","visitorId":"535ca8ee-a91f-40f9-9986-3552ddb4d059"},"service":"visitor-management","timestamp":"2025-07-18 23:28:35","userContext":{}}
[32minfo[39m: User action {"action":"visitor_checkin","details":{"email":"emma.roux@cloudsystems.com","societe":"Cloud Systems","visitorId":"1f681ac0-8f45-448a-81df-a66fbdecc6ba"},"service":"visitor-management","timestamp":"2025-07-18 23:28:35","userContext":{}}
[32minfo[39m: User action {"action":"visitor_checkin","details":{"email":"paul.fournier@airesearchlab.com","societe":"AI Research Lab","visitorId":"1d7c9139-6b7d-458c-b111-5879641a0d02"},"service":"visitor-management","timestamp":"2025-07-18 23:28:35","userContext":{}}
[32minfo[39m: User action {"action":"visitor_checkin","details":{"email":"julie.girard@dataanalytics.com","societe":"Data Analytics","visitorId":"885524ac-2015-4349-80cb-9c5337d55325"},"service":"visitor-management","timestamp":"2025-07-18 23:28:35","userContext":{}}
[32minfo[39m: User action {"action":"visitor_checkin","details":{"email":"marc.bonnet@cybersecurity.com","societe":"Cyber Security","visitorId":"7984522f-8caf-4ba8-8f57-354e7a46fc36"},"service":"visitor-management","timestamp":"2025-07-18 23:28:35","userContext":{}}
[32minfo[39m: User action {"action":"visitor_checkin","details":{"email":"sarah.dupont@e-commercehub.com","societe":"E-commerce Hub","visitorId":"4b0aacc9-be33-4456-b47a-ee12e356e9a3"},"service":"visitor-management","timestamp":"2025-07-18 23:28:35","userContext":{}}
[32minfo[39m: User action {"action":"visitor_checkin","details":{"email":"antoine.lambert@fintechsolutions.com","societe":"Fintech Solutions","visitorId":"03591f89-87ac-40c3-809c-eaef4846fda0"},"service":"visitor-management","timestamp":"2025-07-18 23:28:35","userContext":{}}
[32minfo[39m: User action {"action":"visitor_checkin","details":{"email":"jean.martin@techsolutionssarl.com","societe":"Tech Solutions SARL","visitorId":"7cfdf6a0-6005-44e8-af52-2c9818bb1921"},"service":"visitor-management","timestamp":"2025-07-18 23:28:35","userContext":{}}
[32minfo[39m: User action {"action":"visitor_checkin","details":{"email":"sophie.lefebvre@digitalconsulting.com","societe":"Digital Consulting","visitorId":"e9898887-43c9-482b-8618-96a9975b8e77"},"service":"visitor-management","timestamp":"2025-07-18 23:28:35","userContext":{}}
[32minfo[39m: User action {"action":"visitor_checkin","details":{"email":"thomas.rousseau@innovationlabs.com","societe":"Innovation Labs","visitorId":"b96c703c-4777-48d2-976f-b33d3d9489d7"},"service":"visitor-management","timestamp":"2025-07-18 23:28:35","userContext":{}}
[32minfo[39m: User action {"action":"visitor_checkin","details":{"email":"maria.garcia@globalservicesinc.com","societe":"Global Services Inc","visitorId":"c2024fff-0c29-46d7-a438-44ea13cc0057"},"service":"visitor-management","timestamp":"2025-07-18 23:28:35","userContext":{}}
[32minfo[39m: User action {"action":"visitor_checkin","details":{"email":"alexandre.durand@startup360.com","societe":"StartUp360","visitorId":"ca3314bb-2fe1-441f-8f47-1753ba7f12e5"},"service":"visitor-management","timestamp":"2025-07-18 23:28:35","userContext":{}}
[32minfo[39m: User action {"action":"visitor_checkin","details":{"email":"claire.dubois@consultingpro.com","societe":"Consulting Pro","visitorId":"8c3558a8-d1a6-4486-a3e4-f09c99b1a121"},"service":"visitor-management","timestamp":"2025-07-18 23:28:35","userContext":{}}
[32minfo[39m: User action {"action":"visitor_checkin","details":{"email":"nicolas.moreau@webagencyplus.com","societe":"WebAgency Plus","visitorId":"aab1cf23-7415-4cb8-bcb1-e357afa5816e"},"service":"visitor-management","timestamp":"2025-07-18 23:28:35","userContext":{}}
[32minfo[39m: User action {"action":"visitor_checkin","details":{"email":"lisa.bernard@designstudio.com","societe":"Design Studio","visitorId":"6c08aad7-f0bc-432e-9691-799c3895f123"},"service":"visitor-management","timestamp":"2025-07-18 23:28:35","userContext":{}}
[32minfo[39m: User action {"action":"visitor_checkin","details":{"email":"david.petit@mobileappsco.com","societe":"Mobile Apps Co","visitorId":"50d67ee4-cdf7-49a7-8e17-401818a0d7ae"},"service":"visitor-management","timestamp":"2025-07-18 23:28:35","userContext":{}}
[32minfo[39m: User action {"action":"visitor_checkin","details":{"email":"emma.roux@cloudsystems.com","societe":"Cloud Systems","visitorId":"cb9a4482-9898-4f5b-a245-7f6a3e091cab"},"service":"visitor-management","timestamp":"2025-07-18 23:28:35","userContext":{}}
[32minfo[39m: User action {"action":"visitor_checkin","details":{"email":"paul.fournier@airesearchlab.com","societe":"AI Research Lab","visitorId":"922fc761-8f1d-4cde-9212-ba8ea1712dda"},"service":"visitor-management","timestamp":"2025-07-18 23:28:35","userContext":{}}
[32minfo[39m: User action {"action":"visitor_checkin","details":{"email":"julie.girard@dataanalytics.com","societe":"Data Analytics","visitorId":"2ad297f0-dc4c-4a4f-ba4c-554fc5190372"},"service":"visitor-management","timestamp":"2025-07-18 23:28:35","userContext":{}}
[32minfo[39m: User action {"action":"visitor_checkin","details":{"email":"marc.bonnet@cybersecurity.com","societe":"Cyber Security","visitorId":"ca6fd92b-74f1-4b61-b5af-71258fa976fd"},"service":"visitor-management","timestamp":"2025-07-18 23:28:35","userContext":{}}
[32minfo[39m: User action {"action":"visitor_checkin","details":{"email":"sarah.dupont@e-commercehub.com","societe":"E-commerce Hub","visitorId":"2582d3c1-ad6b-4f06-8967-efda4e1a04ba"},"service":"visitor-management","timestamp":"2025-07-18 23:28:35","userContext":{}}
[32minfo[39m: User action {"action":"visitor_checkin","details":{"email":"antoine.lambert@fintechsolutions.com","societe":"Fintech Solutions","visitorId":"2ce71bbd-2037-4f04-b398-f43d17fe0766"},"service":"visitor-management","timestamp":"2025-07-18 23:28:35","userContext":{}}
[32minfo[39m: User action {"action":"visitor_checkin","details":{"email":"jean.martin@techsolutionssarl.com","societe":"Tech Solutions SARL","visitorId":"c9f5822c-3997-4023-80ff-827ac1aaf19c"},"service":"visitor-management","timestamp":"2025-07-18 23:28:35","userContext":{}}
[32minfo[39m: User action {"action":"visitor_checkin","details":{"email":"sophie.lefebvre@digitalconsulting.com","societe":"Digital Consulting","visitorId":"8b1c51ea-e4c5-428e-8afa-4e0f844db680"},"service":"visitor-management","timestamp":"2025-07-18 23:28:35","userContext":{}}
[32minfo[39m: User action {"action":"visitor_checkin","details":{"email":"thomas.rousseau@innovationlabs.com","societe":"Innovation Labs","visitorId":"0ea6d47a-f70e-4126-99ad-5e713a14167b"},"service":"visitor-management","timestamp":"2025-07-18 23:28:35","userContext":{}}
[32minfo[39m: User action {"action":"visitor_checkin","details":{"email":"maria.garcia@globalservicesinc.com","societe":"Global Services Inc","visitorId":"ccefc830-155a-4810-9e66-281f9668cf36"},"service":"visitor-management","timestamp":"2025-07-18 23:28:35","userContext":{}}
[32minfo[39m: User action {"action":"visitor_checkin","details":{"email":"alexandre.durand@startup360.com","societe":"StartUp360","visitorId":"c6ad5fe9-b650-45e6-abdc-a8b6dd723906"},"service":"visitor-management","timestamp":"2025-07-18 23:28:35","userContext":{}}
[32minfo[39m: User action {"action":"visitor_checkin","details":{"email":"claire.dubois@consultingpro.com","societe":"Consulting Pro","visitorId":"e28632d1-1109-4083-82b0-82bcdbd9cf34"},"service":"visitor-management","timestamp":"2025-07-18 23:28:35","userContext":{}}
[32minfo[39m: User action {"action":"visitor_checkin","details":{"email":"nicolas.moreau@webagencyplus.com","societe":"WebAgency Plus","visitorId":"987eebe0-c034-4c7c-83eb-3fb617657ff1"},"service":"visitor-management","timestamp":"2025-07-18 23:28:35","userContext":{}}
[32minfo[39m: User action {"action":"visitor_checkin","details":{"email":"lisa.bernard@designstudio.com","societe":"Design Studio","visitorId":"1822c697-d0f3-414f-852e-1274f9784571"},"service":"visitor-management","timestamp":"2025-07-18 23:28:35","userContext":{}}
[32minfo[39m: User action {"action":"visitor_checkin","details":{"email":"david.petit@mobileappsco.com","societe":"Mobile Apps Co","visitorId":"2e848822-4b19-4d8c-bcc3-165463c6adf1"},"service":"visitor-management","timestamp":"2025-07-18 23:28:35","userContext":{}}
[32minfo[39m: User action {"action":"visitor_checkin","details":{"email":"emma.roux@cloudsystems.com","societe":"Cloud Systems","visitorId":"2eb0fd5f-7b30-4714-87f2-d4bcc56a0bbd"},"service":"visitor-management","timestamp":"2025-07-18 23:28:35","userContext":{}}
[32minfo[39m: User action {"action":"visitor_checkin","details":{"email":"paul.fournier@airesearchlab.com","societe":"AI Research Lab","visitorId":"17b64780-6c90-427c-ae28-650c63599515"},"service":"visitor-management","timestamp":"2025-07-18 23:28:35","userContext":{}}
[32minfo[39m: User action {"action":"visitor_checkin","details":{"email":"julie.girard@dataanalytics.com","societe":"Data Analytics","visitorId":"d97e8241-3cc5-40c3-84c3-a4f9fbe809a0"},"service":"visitor-management","timestamp":"2025-07-18 23:28:35","userContext":{}}
[32minfo[39m: User action {"action":"visitor_checkin","details":{"email":"marc.bonnet@cybersecurity.com","societe":"Cyber Security","visitorId":"f8308c22-e179-4f50-8acc-29aec87456ee"},"service":"visitor-management","timestamp":"2025-07-18 23:28:35","userContext":{}}
[32minfo[39m: User action {"action":"visitor_checkin","details":{"email":"sarah.dupont@e-commercehub.com","societe":"E-commerce Hub","visitorId":"95e0bea7-5548-4582-acee-375595ef73b3"},"service":"visitor-management","timestamp":"2025-07-18 23:28:35","userContext":{}}
[32minfo[39m: User action {"action":"visitor_checkin","details":{"email":"antoine.lambert@fintechsolutions.com","societe":"Fintech Solutions","visitorId":"c9f36c31-5348-45e8-9bda-6523d4fdb6fd"},"service":"visitor-management","timestamp":"2025-07-18 23:28:35","userContext":{}}
[32minfo[39m: User action {"action":"visitor_checkin","details":{"email":"jean.martin@techsolutionssarl.com","societe":"Tech Solutions SARL","visitorId":"d4a11897-acf1-43ed-ab4c-bab28a601e97"},"service":"visitor-management","timestamp":"2025-07-18 23:28:35","userContext":{}}
[32minfo[39m: User action {"action":"visitor_checkin","details":{"email":"sophie.lefebvre@digitalconsulting.com","societe":"Digital Consulting","visitorId":"c6889601-fdbf-43a1-801a-c5afacf4137d"},"service":"visitor-management","timestamp":"2025-07-18 23:28:35","userContext":{}}
[32minfo[39m: User action {"action":"visitor_checkin","details":{"email":"thomas.rousseau@innovationlabs.com","societe":"Innovation Labs","visitorId":"026fe512-a9fd-4ad2-895c-ee67d2c9c007"},"service":"visitor-management","timestamp":"2025-07-18 23:28:35","userContext":{}}
[32minfo[39m: User action {"action":"visitor_checkin","details":{"email":"maria.garcia@globalservicesinc.com","societe":"Global Services Inc","visitorId":"6cb1bdb7-ec91-4836-a18e-1f073d3c1973"},"service":"visitor-management","timestamp":"2025-07-18 23:28:35","userContext":{}}
[32minfo[39m: User action {"action":"visitor_checkin","details":{"email":"alexandre.durand@startup360.com","societe":"StartUp360","visitorId":"5017aa6f-1502-4b75-8fb6-e0815939fdb8"},"service":"visitor-management","timestamp":"2025-07-18 23:28:35","userContext":{}}
[32minfo[39m: User action {"action":"visitor_checkin","details":{"email":"claire.dubois@consultingpro.com","societe":"Consulting Pro","visitorId":"96fcd19c-f486-4fd5-8567-a5b804a03a8c"},"service":"visitor-management","timestamp":"2025-07-18 23:28:35","userContext":{}}
[32minfo[39m: User action {"action":"visitor_checkin","details":{"email":"nicolas.moreau@webagencyplus.com","societe":"WebAgency Plus","visitorId":"c363882f-9067-4e1c-8f56-1c7c999bb617"},"service":"visitor-management","timestamp":"2025-07-18 23:28:35","userContext":{}}
[32minfo[39m: User action {"action":"visitor_checkin","details":{"email":"lisa.bernard@designstudio.com","societe":"Design Studio","visitorId":"4d05fb9d-1bbb-416e-a8b1-d62e7741b513"},"service":"visitor-management","timestamp":"2025-07-18 23:28:35","userContext":{}}
[32minfo[39m: User action {"action":"visitor_checkin","details":{"email":"david.petit@mobileappsco.com","societe":"Mobile Apps Co","visitorId":"cce77fa8-4f40-48f7-9381-0bc0cb043414"},"service":"visitor-management","timestamp":"2025-07-18 23:28:35","userContext":{}}
[32minfo[39m: User action {"action":"visitor_checkin","details":{"email":"emma.roux@cloudsystems.com","societe":"Cloud Systems","visitorId":"2b443fb0-bb51-4171-9ae6-d1f74ae8af6b"},"service":"visitor-management","timestamp":"2025-07-18 23:28:35","userContext":{}}
[32minfo[39m: Visiteurs de test générés {"count":100,"daysBack":365,"generated":100,"service":"visitor-management","timestamp":"2025-07-18 23:28:35"}
[32minfo[39m: Requête HTTP {"duration":"91ms","ip":"::1","method":"POST","service":"visitor-management","statusCode":200,"timestamp":"2025-07-18 23:28:35","url":"/api/admin/generate-test-visitors","userAgent":"Mozilla/5.0 (Macintosh; Intel Mac OS X 10_15_7) AppleWebKit/605.1.15 (KHTML, like Gecko) Version/18.5 Safari/605.1.15"}
[32minfo[39m: Requête HTTP {"duration":"3ms","ip":"::1","method":"GET","service":"visitor-management","statusCode":200,"timestamp":"2025-07-18 23:28:36","url":"/api/admin/stats","userAgent":"Mozilla/5.0 (Macintosh; Intel Mac OS X 10_15_7) AppleWebKit/605.1.15 (KHTML, like Gecko) Version/18.5 Safari/605.1.15"}
[32minfo[39m: Requête HTTP {"duration":"1ms","ip":"::1","method":"GET","service":"visitor-management","statusCode":304,"timestamp":"2025-07-18 23:28:36","url":"/api/admin/config","userAgent":"Mozilla/5.0 (Macintosh; Intel Mac OS X 10_15_7) AppleWebKit/605.1.15 (KHTML, like Gecko) Version/18.5 Safari/605.1.15"}
[32minfo[39m: Requête HTTP {"duration":"1ms","ip":"::1","method":"GET","service":"visitor-management","statusCode":200,"timestamp":"2025-07-18 23:28:36","url":"/api/admin/visitors/current","userAgent":"Mozilla/5.0 (Macintosh; Intel Mac OS X 10_15_7) AppleWebKit/605.1.15 (KHTML, like Gecko) Version/18.5 Safari/605.1.15"}
[32minfo[39m: Requête HTTP {"duration":"1ms","ip":"::1","method":"GET","service":"visitor-management","statusCode":200,"timestamp":"2025-07-18 23:28:36","url":"/api/admin/visitors/history","userAgent":"Mozilla/5.0 (Macintosh; Intel Mac OS X 10_15_7) AppleWebKit/605.1.15 (KHTML, like Gecko) Version/18.5 Safari/605.1.15"}
[32minfo[39m: User action {"action":"visitor_checkout","details":{"email":"alexandre.durand.test1752874101439@startup360.fr","visitorId":"2b4d0afb-b637-459b-b1c0-86a15a982eca"},"service":"visitor-management","timestamp":"2025-07-18 23:28:52","userContext":{}}
[32minfo[39m: Visiteur parti avec succès {"dureeVisite":"0h 0m","email":"alexandre.durand.test1752874101439@startup360.fr","service":"visitor-management","timestamp":"2025-07-18 23:28:52","visitorId":"2b4d0afb-b637-459b-b1c0-86a15a982eca"}
[32minfo[39m: Requête HTTP {"duration":"4ms","ip":"::1","method":"POST","service":"visitor-management","statusCode":200,"timestamp":"2025-07-18 23:28:52","url":"/api/check-out","userAgent":"Mozilla/5.0 (Macintosh; Intel Mac OS X 10_15_7) AppleWebKit/605.1.15 (KHTML, like Gecko) Version/18.5 Safari/605.1.15"}
[32minfo[39m: Requête HTTP {"duration":"2ms","ip":"::1","method":"GET","service":"visitor-management","statusCode":200,"timestamp":"2025-07-18 23:28:53","url":"/api/admin/stats","userAgent":"Mozilla/5.0 (Macintosh; Intel Mac OS X 10_15_7) AppleWebKit/605.1.15 (KHTML, like Gecko) Version/18.5 Safari/605.1.15"}
[32minfo[39m: Requête HTTP {"duration":"1ms","ip":"::1","method":"GET","service":"visitor-management","statusCode":304,"timestamp":"2025-07-18 23:28:53","url":"/api/admin/config","userAgent":"Mozilla/5.0 (Macintosh; Intel Mac OS X 10_15_7) AppleWebKit/605.1.15 (KHTML, like Gecko) Version/18.5 Safari/605.1.15"}
[32minfo[39m: Requête HTTP {"duration":"2ms","ip":"::1","method":"GET","service":"visitor-management","statusCode":200,"timestamp":"2025-07-18 23:28:53","url":"/api/admin/visitors/current","userAgent":"Mozilla/5.0 (Macintosh; Intel Mac OS X 10_15_7) AppleWebKit/605.1.15 (KHTML, like Gecko) Version/18.5 Safari/605.1.15"}
[32minfo[39m: Requête HTTP {"duration":"2ms","ip":"::1","method":"GET","service":"visitor-management","statusCode":200,"timestamp":"2025-07-18 23:28:53","url":"/api/admin/visitors/history","userAgent":"Mozilla/5.0 (Macintosh; Intel Mac OS X 10_15_7) AppleWebKit/605.1.15 (KHTML, like Gecko) Version/18.5 Safari/605.1.15"}
[32minfo[39m: User action {"action":"visitor_checkout","details":{"email":"lisa.bernard@designstudio.com","visitorId":"c0d90f63-dd9c-4011-89f8-1cb1020febce"},"service":"visitor-management","timestamp":"2025-07-18 23:28:56","userContext":{}}
[32minfo[39m: Visiteur parti avec succès {"dureeVisite":"3552h 0m","email":"lisa.bernard@designstudio.com","service":"visitor-management","timestamp":"2025-07-18 23:28:56","visitorId":"c0d90f63-dd9c-4011-89f8-1cb1020febce"}
[32minfo[39m: Requête HTTP {"duration":"4ms","ip":"::1","method":"POST","service":"visitor-management","statusCode":200,"timestamp":"2025-07-18 23:28:56","url":"/api/check-out","userAgent":"Mozilla/5.0 (Macintosh; Intel Mac OS X 10_15_7) AppleWebKit/605.1.15 (KHTML, like Gecko) Version/18.5 Safari/605.1.15"}
[32minfo[39m: Requête HTTP {"duration":"2ms","ip":"::1","method":"GET","service":"visitor-management","statusCode":200,"timestamp":"2025-07-18 23:28:57","url":"/api/admin/stats","userAgent":"Mozilla/5.0 (Macintosh; Intel Mac OS X 10_15_7) AppleWebKit/605.1.15 (KHTML, like Gecko) Version/18.5 Safari/605.1.15"}
[32minfo[39m: Requête HTTP {"duration":"2ms","ip":"::1","method":"GET","service":"visitor-management","statusCode":304,"timestamp":"2025-07-18 23:28:57","url":"/api/admin/config","userAgent":"Mozilla/5.0 (Macintosh; Intel Mac OS X 10_15_7) AppleWebKit/605.1.15 (KHTML, like Gecko) Version/18.5 Safari/605.1.15"}
[32minfo[39m: Requête HTTP {"duration":"2ms","ip":"::1","method":"GET","service":"visitor-management","statusCode":200,"timestamp":"2025-07-18 23:28:57","url":"/api/admin/visitors/current","userAgent":"Mozilla/5.0 (Macintosh; Intel Mac OS X 10_15_7) AppleWebKit/605.1.15 (KHTML, like Gecko) Version/18.5 Safari/605.1.15"}
[32minfo[39m: Requête HTTP {"duration":"2ms","ip":"::1","method":"GET","service":"visitor-management","statusCode":200,"timestamp":"2025-07-18 23:28:57","url":"/api/admin/visitors/history","userAgent":"Mozilla/5.0 (Macintosh; Intel Mac OS X 10_15_7) AppleWebKit/605.1.15 (KHTML, like Gecko) Version/18.5 Safari/605.1.15"}
[32minfo[39m: User action {"action":"visitors_clear_all","details":{},"service":"visitor-management","timestamp":"2025-07-18 23:29:10","userContext":{}}
[33mwarn[39m: Tous les visiteurs ont été supprimés (fonction de debug) {"service":"visitor-management","timestamp":"2025-07-18 23:29:10"}
[32minfo[39m: Requête HTTP {"duration":"3ms","ip":"::1","method":"POST","service":"visitor-management","statusCode":200,"timestamp":"2025-07-18 23:29:10","url":"/api/admin/clear-visitors","userAgent":"Mozilla/5.0 (Macintosh; Intel Mac OS X 10_15_7) AppleWebKit/605.1.15 (KHTML, like Gecko) Version/18.5 Safari/605.1.15"}
[32minfo[39m: Requête HTTP {"duration":"1ms","ip":"::1","method":"GET","service":"visitor-management","statusCode":200,"timestamp":"2025-07-18 23:29:11","url":"/api/admin/stats","userAgent":"Mozilla/5.0 (Macintosh; Intel Mac OS X 10_15_7) AppleWebKit/605.1.15 (KHTML, like Gecko) Version/18.5 Safari/605.1.15"}
[32minfo[39m: Requête HTTP {"duration":"2ms","ip":"::1","method":"GET","service":"visitor-management","statusCode":304,"timestamp":"2025-07-18 23:29:11","url":"/api/admin/config","userAgent":"Mozilla/5.0 (Macintosh; Intel Mac OS X 10_15_7) AppleWebKit/605.1.15 (KHTML, like Gecko) Version/18.5 Safari/605.1.15"}
[32minfo[39m: Requête HTTP {"duration":"1ms","ip":"::1","method":"GET","service":"visitor-management","statusCode":200,"timestamp":"2025-07-18 23:29:11","url":"/api/admin/visitors/current","userAgent":"Mozilla/5.0 (Macintosh; Intel Mac OS X 10_15_7) AppleWebKit/605.1.15 (KHTML, like Gecko) Version/18.5 Safari/605.1.15"}
[32minfo[39m: Requête HTTP {"duration":"1ms","ip":"::1","method":"GET","service":"visitor-management","statusCode":200,"timestamp":"2025-07-18 23:29:11","url":"/api/admin/visitors/history","userAgent":"Mozilla/5.0 (Macintosh; Intel Mac OS X 10_15_7) AppleWebKit/605.1.15 (KHTML, like Gecko) Version/18.5 Safari/605.1.15"}
[32minfo[39m: Requête HTTP {"duration":"1ms","ip":"::1","method":"GET","service":"visitor-management","statusCode":304,"timestamp":"2025-07-18 23:29:14","url":"/","userAgent":"Mozilla/5.0 (Macintosh; Intel Mac OS X 10_15_7) AppleWebKit/605.1.15 (KHTML, like Gecko) Version/18.5 Safari/605.1.15"}
[32minfo[39m: Requête HTTP {"duration":"1ms","ip":"::1","method":"GET","service":"visitor-management","statusCode":304,"timestamp":"2025-07-18 23:29:14","url":"/images/logo.png","userAgent":"Mozilla/5.0 (Macintosh; Intel Mac OS X 10_15_7) AppleWebKit/605.1.15 (KHTML, like Gecko) Version/18.5 Safari/605.1.15"}
[32minfo[39m: Requête HTTP {"duration":"1ms","ip":"::1","method":"GET","service":"visitor-management","statusCode":304,"timestamp":"2025-07-18 23:29:14","url":"/style.css","userAgent":"Mozilla/5.0 (Macintosh; Intel Mac OS X 10_15_7) AppleWebKit/605.1.15 (KHTML, like Gecko) Version/18.5 Safari/605.1.15"}
[32minfo[39m: Requête HTTP {"duration":"4ms","ip":"::1","method":"GET","service":"visitor-management","statusCode":200,"timestamp":"2025-07-18 23:29:14","url":"/images/logo.png","userAgent":"Mozilla/5.0 (Macintosh; Intel Mac OS X 10_15_7) AppleWebKit/605.1.15 (KHTML, like Gecko) Version/18.5 Safari/605.1.15"}
[32minfo[39m: Requête HTTP {"duration":"1ms","ip":"::1","method":"GET","service":"visitor-management","statusCode":304,"timestamp":"2025-07-18 23:29:14","url":"/app.js","userAgent":"Mozilla/5.0 (Macintosh; Intel Mac OS X 10_15_7) AppleWebKit/605.1.15 (KHTML, like Gecko) Version/18.5 Safari/605.1.15"}
[32minfo[39m: Requête HTTP {"duration":"2ms","ip":"::1","method":"GET","service":"visitor-management","statusCode":200,"timestamp":"2025-07-18 23:29:14","url":"/api/welcome-message","userAgent":"Mozilla/5.0 (Macintosh; Intel Mac OS X 10_15_7) AppleWebKit/605.1.15 (KHTML, like Gecko) Version/18.5 Safari/605.1.15"}
[32minfo[39m: Requête HTTP {"duration":"4ms","ip":"::1","method":"GET","service":"visitor-management","statusCode":304,"timestamp":"2025-07-19 12:15:42","url":"/","userAgent":"Mozilla/5.0 (Macintosh; Intel Mac OS X 10_15_7) AppleWebKit/605.1.15 (KHTML, like Gecko) Version/18.5 Safari/605.1.15"}
[32minfo[39m: Requête HTTP {"duration":"0ms","ip":"::1","method":"GET","service":"visitor-management","statusCode":304,"timestamp":"2025-07-19 12:15:42","url":"/images/logo.png","userAgent":"Mozilla/5.0 (Macintosh; Intel Mac OS X 10_15_7) AppleWebKit/605.1.15 (KHTML, like Gecko) Version/18.5 Safari/605.1.15"}
[32minfo[39m: Requête HTTP {"duration":"1ms","ip":"::1","method":"GET","service":"visitor-management","statusCode":304,"timestamp":"2025-07-19 12:15:43","url":"/style.css","userAgent":"Mozilla/5.0 (Macintosh; Intel Mac OS X 10_15_7) AppleWebKit/605.1.15 (KHTML, like Gecko) Version/18.5 Safari/605.1.15"}
[32minfo[39m: Requête HTTP {"duration":"1ms","ip":"::1","method":"GET","service":"visitor-management","statusCode":304,"timestamp":"2025-07-19 12:15:43","url":"/app.js","userAgent":"Mozilla/5.0 (Macintosh; Intel Mac OS X 10_15_7) AppleWebKit/605.1.15 (KHTML, like Gecko) Version/18.5 Safari/605.1.15"}
[32minfo[39m: Requête HTTP {"duration":"14ms","ip":"::1","method":"GET","service":"visitor-management","statusCode":304,"timestamp":"2025-07-19 12:15:43","url":"/api/welcome-message","userAgent":"Mozilla/5.0 (Macintosh; Intel Mac OS X 10_15_7) AppleWebKit/605.1.15 (KHTML, like Gecko) Version/18.5 Safari/605.1.15"}
